<?xml version="1.0" encoding="UTF-8"?>
<!-- Generated by org.testng.reporters.JUnitReportReporter -->
<testsuite hostname="EPINPUNW00BD" failures="0" tests="2" name="com.crm.Testcases.LoginPageTest" time="31.106" errors="0" timestamp="2021-01-03T12:32:03 IST" skipped="0">
  <testcase classname="com.crm.Testcases.LoginPageTest" name="Titletest" time="14.479"/>
  <system-out/>
  <testcase classname="com.crm.Testcases.LoginPageTest" name="LoginPage" time="16.627"/>
  <system-out/>
</testsuite> <!-- com.crm.Testcases.LoginPageTest -->
